0 info it worked if it ends with ok
1 verbose cli [ 'D:\\Program Files\\nodejs\\node.exe',
1 verbose cli   'D:\\Program Files\\nodejs\\node_modules\\npm\\bin\\npm-cli.js',
1 verbose cli   'run',
1 verbose cli   'start:mock' ]
2 info using npm@3.10.8
3 info using node@v6.2.0
4 verbose run-script [ 'prestart:mock', 'start:mock', 'poststart:mock' ]
5 info lifecycle react-boilerplate-ie8@1.0.0~prestart:mock: react-boilerplate-ie8@1.0.0
6 silly lifecycle react-boilerplate-ie8@1.0.0~prestart:mock: no script for prestart:mock, continuing
7 info lifecycle react-boilerplate-ie8@1.0.0~start:mock: react-boilerplate-ie8@1.0.0
8 verbose lifecycle react-boilerplate-ie8@1.0.0~start:mock: unsafe-perm in lifecycle true
9 verbose lifecycle react-boilerplate-ie8@1.0.0~start:mock: PATH: D:\Program Files\nodejs\node_modules\npm\bin\node-gyp-bin;D:\Program Files\xampp\htdocs\Working\AOE\react-boilerplate\node_modules\.bin;C:\ProgramData\Oracle\Java\javapath;D:\Program Files\mysql-5.7.16-winx64\bin;C:\Windows\system32;C:\Windows;C:\Windows\System32\Wbem;C:\Windows\System32\WindowsPowerShell\v1.0\;C:\Program Files (x86)\NVIDIA Corporation\PhysX\Common;C:\Program Files\Common Files\Autodesk Shared\;D:\Program Files\TortoiseSVN\bin;D:\Program Files\nodejs;C:\Program Files (x86)\Autodesk\Backburner\;C:\php;C:\Program Files\Java\jdk1.7.0_67\bin;D:\Program Files\xampp\php7ts;d:\Program Files\Git\cmd;D:\Program Files\nodejs\node_global;C:\Java\jdk1.6.0_22/bin;d:\Program Files (x86)\Egret\Egret Wing 3\bin;C:\Users\Administrator\AppData\Roaming\npm;D:\Program Files\xampp\php7ts;D:\Program Files\nodejs\node_global
10 verbose lifecycle react-boilerplate-ie8@1.0.0~start:mock: CWD: D:\Program Files\xampp\htdocs\Working\AOE\react-boilerplate
11 silly lifecycle react-boilerplate-ie8@1.0.0~start:mock: Args: [ '/d /s /c', 'node server.js --env=dev --mock' ]
12 verbose stack Error: kill ENOSYS
12 verbose stack     at exports._errnoException (util.js:953:11)
12 verbose stack     at process.kill (internal/process.js:173:13)
12 verbose stack     at process.listener (D:\Program Files\nodejs\node_modules\npm\node_modules\npmlog\node_modules\gauge\node_modules\signal-exit\index.js:86:15)
12 verbose stack     at emitNone (events.js:91:20)
12 verbose stack     at process.emit (events.js:185:7)
12 verbose stack     at processEmit (D:\Program Files\nodejs\node_modules\npm\node_modules\npmlog\node_modules\gauge\node_modules\signal-exit\index.js:146:32)
12 verbose stack     at processEmit (D:\Program Files\nodejs\node_modules\npm\node_modules\npm-registry-client\node_modules\npmlog\node_modules\gauge\node_modules\signal-exit\index.js:146:32)
12 verbose stack     at Signal.wrap.onsignal (internal/process.js:201:44)
13 verbose cwd D:\Program Files\xampp\htdocs\Working\AOE\react-boilerplate
14 error Windows_NT 6.1.7601
15 error argv "D:\\Program Files\\nodejs\\node.exe" "D:\\Program Files\\nodejs\\node_modules\\npm\\bin\\npm-cli.js" "run" "start:mock"
16 error node v6.2.0
17 error npm  v3.10.8
18 error code ENOSYS
19 error errno ENOSYS
20 error syscall kill
21 error kill ENOSYS
22 error If you need help, you may report this error at:
22 error     <https://github.com/npm/npm/issues>
23 verbose exit [ 1, true ]
